\BOOKMARK [1][-]{section.1}{\376\377\000E\000x\000e\000r\000c\000i\000s\000e\000\040\0001\000:\000\040\000C\000r\000i\000t\000i\000c\000a\000l\000\040\000R\000e\000v\000i\000e\000w\000\040\000o\000f\000\040\000t\000h\000e\000\040\000P\000C\000L\000\040\000P\000a\000p\000e\000r}{}% 1
\BOOKMARK [2][-]{subsection.1.1}{\376\377\000Q\0001\000:\000\040\000W\000h\000a\000t\000\040\000a\000r\000e\000\040\000t\000h\000e\000\040\000p\000r\000i\000m\000a\000r\000y\000\040\000c\000o\000n\000t\000r\000i\000b\000u\000t\000i\000o\000n\000s\000\040\000o\000f\000\040\000t\000h\000e\000\040\000p\000a\000p\000e\000r\000?}{section.1}% 2
\BOOKMARK [2][-]{subsection.1.2}{\376\377\000Q\0002\000:\000\040\000W\000h\000a\000t\000\040\000a\000r\000e\000\040\000t\000h\000e\000\040\000t\000e\000c\000h\000n\000i\000c\000a\000l\000\040\000s\000t\000r\000e\000n\000g\000t\000h\000s\000\040\000t\000h\000a\000t\000\040\000j\000u\000s\000t\000i\000f\000y\000\040\000p\000u\000b\000l\000i\000c\000a\000t\000i\000o\000n\000?}{section.1}% 3
\BOOKMARK [2][-]{subsection.1.3}{\376\377\000Q\0003\000:\000\040\000W\000h\000a\000t\000\040\000a\000r\000e\000\040\000t\000h\000e\000\040\000k\000e\000y\000\040\000w\000e\000a\000k\000n\000e\000s\000s\000e\000s\000\040\000o\000r\000\040\000a\000r\000e\000a\000s\000\040\000l\000a\000c\000k\000i\000n\000g\000\040\000e\000v\000i\000d\000e\000n\000c\000e\000?}{section.1}% 4
\BOOKMARK [1][-]{section.2}{\376\377\000E\000x\000e\000r\000c\000i\000s\000e\000\040\0002\000:\000\040\000E\000x\000p\000l\000o\000r\000a\000t\000o\000r\000y\000\040\000D\000a\000t\000a\000\040\000A\000n\000a\000l\000y\000s\000i\000s}{}% 5
\BOOKMARK [2][-]{subsection.2.1}{\376\377\000T\000e\000c\000h\000n\000i\000q\000u\000e\000\040\0001\000:\000\040\000C\000l\000a\000s\000s\000\040\000D\000i\000s\000t\000r\000i\000b\000u\000t\000i\000o\000n\000\040\000A\000n\000a\000l\000y\000s\000i\000s}{section.2}% 6
\BOOKMARK [3][-]{subsubsection.2.1.1}{\376\377\000T\000e\000c\000h\000n\000i\000c\000a\000l\000\040\000D\000e\000t\000a\000i\000l}{subsection.2.1}% 7
\BOOKMARK [3][-]{subsubsection.2.1.2}{\376\377\000F\000i\000n\000d\000i\000n\000g\000s}{subsection.2.1}% 8
\BOOKMARK [3][-]{subsubsection.2.1.3}{\376\377\000I\000m\000p\000a\000c\000t\000\040\000S\000t\000a\000t\000e\000m\000e\000n\000t}{subsection.2.1}% 9
\BOOKMARK [2][-]{subsection.2.2}{\376\377\000T\000e\000c\000h\000n\000i\000q\000u\000e\000\040\0002\000:\000\040\000T\000e\000x\000t\000\040\000L\000e\000n\000g\000t\000h\000\040\000a\000n\000d\000\040\000N\000-\000g\000r\000a\000m\000\040\000A\000n\000a\000l\000y\000s\000i\000s}{section.2}% 10
\BOOKMARK [3][-]{subsubsection.2.2.1}{\376\377\000T\000e\000c\000h\000n\000i\000c\000a\000l\000\040\000D\000e\000t\000a\000i\000l}{subsection.2.2}% 11
\BOOKMARK [3][-]{subsubsection.2.2.2}{\376\377\000F\000i\000n\000d\000i\000n\000g\000s}{subsection.2.2}% 12
\BOOKMARK [3][-]{subsubsection.2.2.3}{\376\377\000I\000m\000p\000a\000c\000t\000\040\000S\000t\000a\000t\000e\000m\000e\000n\000t}{subsection.2.2}% 13
\BOOKMARK [1][-]{section.3}{\376\377\000E\000x\000e\000r\000c\000i\000s\000e\000\040\0003\000:\000\040\000P\000r\000o\000p\000o\000s\000e\000d\000\040\000A\000p\000p\000r\000o\000a\000c\000h}{}% 14
\BOOKMARK [2][-]{subsection.3.1}{\376\377\000A\000p\000p\000r\000o\000a\000c\000h\000\040\000D\000e\000s\000c\000r\000i\000p\000t\000i\000o\000n}{section.3}% 15
\BOOKMARK [2][-]{subsection.3.2}{\376\377\000R\000a\000t\000i\000o\000n\000a\000l\000e\000\040\000a\000n\000d\000\040\000E\000x\000p\000e\000c\000t\000e\000d\000\040\000O\000u\000t\000c\000o\000m\000e}{section.3}% 16
\BOOKMARK [1][-]{section.4}{\376\377\000E\000x\000e\000r\000c\000i\000s\000e\000\040\0004\000:\000\040\000M\000o\000d\000e\000l\000\040\000T\000r\000a\000i\000n\000i\000n\000g}{}% 17
\BOOKMARK [1][-]{section.5}{\376\377\000E\000x\000e\000r\000c\000i\000s\000e\000\040\0005\000:\000\040\000R\000e\000s\000u\000l\000t\000\040\000A\000n\000a\000l\000y\000s\000i\000s}{}% 18
\BOOKMARK [2][-]{subsection.5.1}{\376\377\000E\000x\000e\000r\000c\000i\000s\000e\000\040\0005\000.\0001\000:\000\040\000G\000l\000o\000b\000a\000l\000\040\000E\000v\000a\000l\000u\000a\000t\000i\000o\000n}{section.5}% 19
\BOOKMARK [2][-]{subsection.5.2}{\376\377\000E\000x\000e\000r\000c\000i\000s\000e\000\040\0005\000.\0002\000:\000\040\000E\000r\000r\000o\000r\000\040\000A\000n\000a\000l\000y\000s\000i\000s\000\040\000a\000n\000d\000\040\000L\000o\000c\000a\000l\000\040\000E\000v\000a\000l\000u\000a\000t\000i\000o\000n}{section.5}% 20
\BOOKMARK [3][-]{subsubsection.5.2.1}{\376\377\000C\000o\000n\000f\000u\000s\000i\000o\000n\000\040\000M\000a\000t\000r\000i\000x}{subsection.5.2}% 21
\BOOKMARK [3][-]{subsubsection.5.2.2}{\376\377\000M\000a\000n\000u\000a\000l\000\040\000E\000r\000r\000o\000r\000\040\000A\000n\000a\000l\000y\000s\000i\000s\000:\000\040\000F\000a\000l\000s\000e\000\040\000P\000o\000s\000i\000t\000i\000v\000e\000s\000\040\000a\000n\000d\000\040\000F\000a\000l\000s\000e\000\040\000N\000e\000g\000a\000t\000i\000v\000e\000s}{subsection.5.2}% 22
\BOOKMARK [3][-]{subsubsection.5.2.3}{\376\377\000M\000o\000d\000e\000l\000\040\000v\000s\000\040\000B\000a\000s\000e\000l\000i\000n\000e\000\040\000C\000o\000m\000p\000a\000r\000i\000s\000o\000n}{subsection.5.2}% 23
\BOOKMARK [3][-]{subsubsection.5.2.4}{\376\377\000P\000r\000e\000c\000i\000s\000i\000o\000n\000-\000R\000e\000c\000a\000l\000l\000\040\000C\000u\000r\000v\000e\000\040\000a\000n\000d\000\040\000T\000h\000r\000e\000s\000h\000o\000l\000d\000\040\000O\000p\000t\000i\000m\000i\000s\000a\000t\000i\000o\000n}{subsection.5.2}% 24
\BOOKMARK [3][-]{subsubsection.5.2.5}{\376\377\000P\000e\000r\000-\000K\000e\000y\000w\000o\000r\000d\000\040\000F\0001\000\040\000B\000r\000e\000a\000k\000d\000o\000w\000n}{subsection.5.2}% 25
\BOOKMARK [1][-]{section.6}{\376\377\000E\000x\000e\000r\000c\000i\000s\000e\000\040\0006\000:\000\040\000S\000u\000b\000m\000i\000s\000s\000i\000o\000n\000\040\000Q\000u\000a\000l\000i\000t\000y}{}% 26
